<?xml version="1.0" encoding="UTF-8"?>
<testsuite name="com.main.MainApplicationTests" tests="1" skipped="0" failures="0" errors="0" timestamp="2022-09-16T16:08:03" hostname="jihwan-ui-MacBookAir.local" time="0.11">
  <properties/>
  <testcase name="contextLoads()" classname="com.main.MainApplicationTests" time="0.11"/>
  <system-out><![CDATA[01:08:01.628 [Test worker] DEBUG org.springframework.test.context.BootstrapUtils - Instantiating CacheAwareContextLoaderDelegate from class [org.springframework.test.context.cache.DefaultCacheAwareContextLoaderDelegate]
01:08:01.633 [Test worker] DEBUG org.springframework.test.context.BootstrapUtils - Instantiating BootstrapContext using constructor [public org.springframework.test.context.support.DefaultBootstrapContext(java.lang.Class,org.springframework.test.context.CacheAwareContextLoaderDelegate)]
01:08:01.648 [Test worker] DEBUG org.springframework.test.context.BootstrapUtils - Instantiating TestContextBootstrapper for test class [com.main.MainApplicationTests] from class [org.springframework.boot.test.context.SpringBootTestContextBootstrapper]
01:08:01.653 [Test worker] INFO org.springframework.boot.test.context.SpringBootTestContextBootstrapper - Neither @ContextConfiguration nor @ContextHierarchy found for test class [com.main.MainApplicationTests], using SpringBootContextLoader
01:08:01.655 [Test worker] DEBUG org.springframework.test.context.support.AbstractContextLoader - Did not detect default resource location for test class [com.main.MainApplicationTests]: class path resource [com/main/MainApplicationTests-context.xml] does not exist
01:08:01.655 [Test worker] DEBUG org.springframework.test.context.support.AbstractContextLoader - Did not detect default resource location for test class [com.main.MainApplicationTests]: class path resource [com/main/MainApplicationTestsContext.groovy] does not exist
01:08:01.655 [Test worker] INFO org.springframework.test.context.support.AbstractContextLoader - Could not detect default resource locations for test class [com.main.MainApplicationTests]: no resource found for suffixes {-context.xml, Context.groovy}.
01:08:01.655 [Test worker] INFO org.springframework.test.context.support.AnnotationConfigContextLoaderUtils - Could not detect default configuration classes for test class [com.main.MainApplicationTests]: MainApplicationTests does not declare any static, non-private, non-final, nested classes annotated with @Configuration.
01:08:01.675 [Test worker] DEBUG org.springframework.test.context.support.ActiveProfilesUtils - Could not find an 'annotation declaring class' for annotation type [org.springframework.test.context.ActiveProfiles] and class [com.main.MainApplicationTests]
01:08:01.698 [Test worker] DEBUG org.springframework.context.annotation.ClassPathScanningCandidateComponentProvider - Identified candidate component class: file [/Users/jihwan/Desktop/seb39_main_025/build/classes/java/main/com/main/MainApplication.class]
01:08:01.698 [Test worker] INFO org.springframework.boot.test.context.SpringBootTestContextBootstrapper - Found @SpringBootConfiguration com.main.MainApplication for test class com.main.MainApplicationTests
01:08:01.741 [Test worker] DEBUG org.springframework.boot.test.context.SpringBootTestContextBootstrapper - @TestExecutionListeners is not present for class [com.main.MainApplicationTests]: using defaults.
01:08:01.742 [Test worker] INFO org.springframework.boot.test.context.SpringBootTestContextBootstrapper - Loaded default TestExecutionListener class names from location [META-INF/spring.factories]: [org.springframework.security.test.context.support.WithSecurityContextTestExecutionListener, org.springframework.security.test.context.support.ReactorContextTestExecutionListener, org.springframework.boot.test.autoconfigure.restdocs.RestDocsTestExecutionListener, org.springframework.boot.test.autoconfigure.web.client.MockRestServiceServerResetTestExecutionListener, org.springframework.boot.test.autoconfigure.web.servlet.MockMvcPrintOnlyOnFailureTestExecutionListener, org.springframework.boot.test.autoconfigure.web.servlet.WebDriverTestExecutionListener, org.springframework.boot.test.autoconfigure.webservices.client.MockWebServiceServerTestExecutionListener, org.springframework.boot.test.mock.mockito.MockitoTestExecutionListener, org.springframework.boot.test.mock.mockito.ResetMocksTestExecutionListener, org.springframework.test.context.web.ServletTestExecutionListener, org.springframework.test.context.support.DirtiesContextBeforeModesTestExecutionListener, org.springframework.test.context.event.ApplicationEventsTestExecutionListener, org.springframework.test.context.support.DependencyInjectionTestExecutionListener, org.springframework.test.context.support.DirtiesContextTestExecutionListener, org.springframework.test.context.transaction.TransactionalTestExecutionListener, org.springframework.test.context.jdbc.SqlScriptsTestExecutionListener, org.springframework.test.context.event.EventPublishingTestExecutionListener]
01:08:01.750 [Test worker] INFO org.springframework.boot.test.context.SpringBootTestContextBootstrapper - Using TestExecutionListeners: [org.springframework.test.context.web.ServletTestExecutionListener@251f7d26, org.springframework.test.context.support.DirtiesContextBeforeModesTestExecutionListener@77b21474, org.springframework.test.context.event.ApplicationEventsTestExecutionListener@52d10fb8, org.springframework.boot.test.mock.mockito.MockitoTestExecutionListener@41c07648, org.springframework.boot.test.autoconfigure.SpringBootDependencyInjectionTestExecutionListener@1fe8d51b, org.springframework.test.context.support.DirtiesContextTestExecutionListener@781e7326, org.springframework.test.context.transaction.TransactionalTestExecutionListener@22680f52, org.springframework.test.context.jdbc.SqlScriptsTestExecutionListener@60d84f61, org.springframework.security.test.context.support.WithSecurityContextTestExecutionListener@39c11e6c, org.springframework.test.context.event.EventPublishingTestExecutionListener@324dcd31, org.springframework.security.test.context.support.ReactorContextTestExecutionListener@503d56b5, org.springframework.boot.test.autoconfigure.restdocs.RestDocsTestExecutionListener@72bca894, org.springframework.boot.test.autoconfigure.web.client.MockRestServiceServerResetTestExecutionListener@433ffad1, org.springframework.boot.test.autoconfigure.web.servlet.MockMvcPrintOnlyOnFailureTestExecutionListener@1fc793c2, org.springframework.boot.test.autoconfigure.web.servlet.WebDriverTestExecutionListener@2575f671, org.springframework.boot.test.autoconfigure.webservices.client.MockWebServiceServerTestExecutionListener@329a1243, org.springframework.boot.test.mock.mockito.ResetMocksTestExecutionListener@ecf9fb3]
01:08:01.752 [Test worker] DEBUG org.springframework.test.context.support.AbstractDirtiesContextTestExecutionListener - Before test class: context [DefaultTestContext@c8b96ec testClass = MainApplicationTests, testInstance = [null], testMethod = [null], testException = [null], mergedContextConfiguration = [WebMergedContextConfiguration@4cc61eb1 testClass = MainApplicationTests, locations = '{}', classes = '{class com.main.MainApplication}', contextInitializerClasses = '[]', activeProfiles = '{}', propertySourceLocations = '{}', propertySourceProperties = '{org.springframework.boot.test.context.SpringBootTestContextBootstrapper=true}', contextCustomizers = set[org.springframework.boot.test.autoconfigure.actuate.metrics.MetricsExportContextCustomizerFactory$DisableMetricExportContextCustomizer@3a3e4aff, org.springframework.boot.test.autoconfigure.properties.PropertyMappingContextCustomizer@0, org.springframework.boot.test.autoconfigure.web.servlet.WebDriverContextCustomizerFactory$Customizer@1bb564e2, org.springframework.boot.test.context.filter.ExcludeFilterContextCustomizer@1cbf6e72, org.springframework.boot.test.json.DuplicateJsonObjectContextCustomizerFactory$DuplicateJsonObjectContextCustomizer@25b2cfcb, org.springframework.boot.test.mock.mockito.MockitoContextCustomizer@0, org.springframework.boot.test.web.client.TestRestTemplateContextCustomizer@26425897, org.springframework.boot.test.context.SpringBootTestArgs@1, org.springframework.boot.test.context.SpringBootTestWebEnvironment@376a0d86], resourceBasePath = 'src/main/webapp', contextLoader = 'org.springframework.boot.test.context.SpringBootContextLoader', parent = [null]], attributes = map['org.springframework.test.context.web.ServletTestExecutionListener.activateListener' -> true]], class annotated with @DirtiesContext [false] with mode [null].

  .   ____          _            __ _ _
 /\\ / ___'_ __ _ _(_)_ __  __ _ \ \ \ \
( ( )\___ | '_ | '_| | '_ \/ _` | \ \ \ \
 \\/  ___)| |_)| | | | | || (_| |  ) ) ) )
  '  |____| .__|_| |_|_| |_\__, | / / / /
 =========|_|==============|___/=/_/_/_/
 :: Spring Boot ::                (v2.7.3)

2022-09-17 01:08:01.890  INFO 26325 --- [    Test worker] com.main.MainApplicationTests            : Starting MainApplicationTests using Java 11.0.15 on jihwan-ui-MacBookAir.local with PID 26325 (started by jihwan in /Users/jihwan/Desktop/seb39_main_025)
2022-09-17 01:08:01.890  INFO 26325 --- [    Test worker] com.main.MainApplicationTests            : No active profile set, falling back to 1 default profile: "default"
2022-09-17 01:08:02.193  INFO 26325 --- [    Test worker] .s.d.r.c.RepositoryConfigurationDelegate : Bootstrapping Spring Data JPA repositories in DEFAULT mode.
2022-09-17 01:08:02.199  INFO 26325 --- [    Test worker] .s.d.r.c.RepositoryConfigurationDelegate : Finished Spring Data repository scanning in 2 ms. Found 0 JPA repository interfaces.
2022-09-17 01:08:02.417  INFO 26325 --- [    Test worker] com.zaxxer.hikari.HikariDataSource       : HikariPool-1 - Starting...
2022-09-17 01:08:02.515  INFO 26325 --- [    Test worker] com.zaxxer.hikari.HikariDataSource       : HikariPool-1 - Start completed.
2022-09-17 01:08:02.546  INFO 26325 --- [    Test worker] o.hibernate.jpa.internal.util.LogHelper  : HHH000204: Processing PersistenceUnitInfo [name: default]
2022-09-17 01:08:02.569  INFO 26325 --- [    Test worker] org.hibernate.Version                    : HHH000412: Hibernate ORM core version 5.6.10.Final
2022-09-17 01:08:02.649  INFO 26325 --- [    Test worker] o.hibernate.annotations.common.Version   : HCANN000001: Hibernate Commons Annotations {5.1.2.Final}
2022-09-17 01:08:02.706  INFO 26325 --- [    Test worker] org.hibernate.dialect.Dialect            : HHH000400: Using dialect: org.hibernate.dialect.H2Dialect
2022-09-17 01:08:02.806  INFO 26325 --- [    Test worker] o.h.e.t.j.p.i.JtaPlatformInitiator       : HHH000490: Using JtaPlatform implementation: [org.hibernate.engine.transaction.jta.platform.internal.NoJtaPlatform]
2022-09-17 01:08:02.810  INFO 26325 --- [    Test worker] j.LocalContainerEntityManagerFactoryBean : Initialized JPA EntityManagerFactory for persistence unit 'default'
2022-09-17 01:08:02.920  WARN 26325 --- [    Test worker] JpaBaseConfiguration$JpaWebConfiguration : spring.jpa.open-in-view is enabled by default. Therefore, database queries may be performed during view rendering. Explicitly configure spring.jpa.open-in-view to disable this warning
2022-09-17 01:08:03.224  WARN 26325 --- [    Test worker] .s.s.UserDetailsServiceAutoConfiguration : 

Using generated security password: 459b0fb4-edb4-4daa-a5bb-aeace4f2ac56

This generated password is for development use only. Your security configuration must be updated before running your application in production.

2022-09-17 01:08:03.337  INFO 26325 --- [    Test worker] o.s.s.web.DefaultSecurityFilterChain     : Will secure any request with [org.springframework.security.web.session.DisableEncodeUrlFilter@2842ef02, org.springframework.security.web.context.request.async.WebAsyncManagerIntegrationFilter@7e63374b, org.springframework.security.web.context.SecurityContextPersistenceFilter@2560a7be, org.springframework.security.web.header.HeaderWriterFilter@580154b3, org.springframework.security.web.csrf.CsrfFilter@48751d8a, org.springframework.security.web.authentication.logout.LogoutFilter@476a970c, org.springframework.security.web.authentication.UsernamePasswordAuthenticationFilter@4f0c1409, org.springframework.security.web.authentication.ui.DefaultLoginPageGeneratingFilter@b87ea8b, org.springframework.security.web.authentication.ui.DefaultLogoutPageGeneratingFilter@aa794a3, org.springframework.security.web.authentication.www.BasicAuthenticationFilter@51e0f2eb, org.springframework.security.web.savedrequest.RequestCacheAwareFilter@578d5d02, org.springframework.security.web.servletapi.SecurityContextHolderAwareRequestFilter@77f04d1a, org.springframework.security.web.authentication.AnonymousAuthenticationFilter@1dce481b, org.springframework.security.web.session.SessionManagementFilter@6c7f804c, org.springframework.security.web.access.ExceptionTranslationFilter@4c8a9266, org.springframework.security.web.access.intercept.FilterSecurityInterceptor@71f4aeb6]
2022-09-17 01:08:03.379  INFO 26325 --- [    Test worker] com.main.MainApplicationTests            : Started MainApplicationTests in 1.611 seconds (JVM running for 2.149)
]]></system-out>
  <system-err><![CDATA[]]></system-err>
</testsuite>
